0 silly input [ 'npm run build' ]
1 silly flags { _: [ 'exec' ],
1 silly flags   'reject-cycles': false,
1 silly flags   rejectCycles: false,
1 silly flags   scope: '@sae/ai',
1 silly flags   command: 'npm run build',
1 silly flags   args: [] }
2 verbose rootPath C:\Users\matheus\git\screeps
3 info version 2.9.0
4 silly existsSync C:\Users\matheus\git\screeps\VERSION
5 info scope @sae/ai
6 silly initialize attempt
7 silly initialize success
8 silly execute attempt
9 error exec Errored while executing 'npm run build' in '@sae/ai'
10 error execute callback with error
11 error Error: spawn npm run build ENOENT
11 error     at notFoundError (C:\Users\matheus\git\screeps\node_modules\cross-spawn\lib\enoent.js:11:11)
11 error     at verifyENOENT (C:\Users\matheus\git\screeps\node_modules\cross-spawn\lib\enoent.js:46:16)
11 error     at ChildProcess.cp.emit (C:\Users\matheus\git\screeps\node_modules\cross-spawn\lib\enoent.js:33:19)
